1591089368702	mozrunner::runner	INFO	Running command: "/usr/bin/firefox" "-marionette" "-foreground" "-no-remote" "-profile" "/tmp/rust_mozprofiledIF1Zf"
1591089370103	addons.webextension.doh-rollout@mozilla.org	WARN	Loading extension 'doh-rollout@mozilla.org': Reading manifest: Invalid extension permission: networkStatus
1591089372154	addons.webextension.screenshots@mozilla.org	WARN	Loading extension 'screenshots@mozilla.org': Reading manifest: Invalid extension permission: mozillaAddons
1591089372154	addons.webextension.screenshots@mozilla.org	WARN	Loading extension 'screenshots@mozilla.org': Reading manifest: Invalid extension permission: telemetry
1591089372155	addons.webextension.screenshots@mozilla.org	WARN	Loading extension 'screenshots@mozilla.org': Reading manifest: Invalid extension permission: resource://pdf.js/
1591089372155	addons.webextension.screenshots@mozilla.org	WARN	Loading extension 'screenshots@mozilla.org': Reading manifest: Invalid extension permission: about:reader*
[fresh] [error] probe_ppp_module, can't find libpepflashplayer.so
[fresh] [error] probe_ppp_module, can't find libpepflashplayer.so
[fresh] [error] probe_ppp_module, can't find libpepflashplayer.so
[fresh] [error] probe_ppp_module, can't find libpepflashplayer.so
[fresh] [error] probe_ppp_module, can't find libpepflashplayer.so
[fresh] [error] probe_ppp_module, can't find libpepflashplayer.so
1591089377632	Marionette	INFO	Listening on port 43733
1591089377726	Marionette	WARN	TLS certificate errors will be ignored for this session
JavaScript error: , line 0: UnknownError: The operation failed for reasons unrelated to the database itself and not covered by any other error code.
1591089428867	Marionette	INFO	Stopped listening on port 43733
1591089433242	mozrunner::runner	INFO	Running command: "/usr/bin/firefox" "-marionette" "-foreground" "-no-remote" "-profile" "/tmp/rust_mozprofiledy1k0M"
1591089434060	addons.webextension.doh-rollout@mozilla.org	WARN	Loading extension 'doh-rollout@mozilla.org': Reading manifest: Invalid extension permission: networkStatus
1591089436334	addons.webextension.screenshots@mozilla.org	WARN	Loading extension 'screenshots@mozilla.org': Reading manifest: Invalid extension permission: mozillaAddons
1591089436334	addons.webextension.screenshots@mozilla.org	WARN	Loading extension 'screenshots@mozilla.org': Reading manifest: Invalid extension permission: telemetry
1591089436335	addons.webextension.screenshots@mozilla.org	WARN	Loading extension 'screenshots@mozilla.org': Reading manifest: Invalid extension permission: resource://pdf.js/
1591089436335	addons.webextension.screenshots@mozilla.org	WARN	Loading extension 'screenshots@mozilla.org': Reading manifest: Invalid extension permission: about:reader*
[fresh] [error] probe_ppp_module, can't find libpepflashplayer.so
[fresh] [error] probe_ppp_module, can't find libpepflashplayer.so
[fresh] [error] probe_ppp_module, can't find libpepflashplayer.so
[fresh] [error] probe_ppp_module, can't find libpepflashplayer.so
[fresh] [error] probe_ppp_module, can't find libpepflashplayer.so
[fresh] [error] probe_ppp_module, can't find libpepflashplayer.so
1591089439846	Marionette	INFO	Listening on port 46875
1591089439879	Marionette	WARN	TLS certificate errors will be ignored for this session
1591089470017	Marionette	INFO	Stopped listening on port 46875
1591089494155	mozrunner::runner	INFO	Running command: "/usr/bin/firefox" "-marionette" "-foreground" "-no-remote" "-profile" "/tmp/rust_mozprofileGdiqaV"
1591089495002	addons.webextension.doh-rollout@mozilla.org	WARN	Loading extension 'doh-rollout@mozilla.org': Reading manifest: Invalid extension permission: networkStatus
1591089497158	addons.webextension.screenshots@mozilla.org	WARN	Loading extension 'screenshots@mozilla.org': Reading manifest: Invalid extension permission: mozillaAddons
1591089497158	addons.webextension.screenshots@mozilla.org	WARN	Loading extension 'screenshots@mozilla.org': Reading manifest: Invalid extension permission: telemetry
1591089497158	addons.webextension.screenshots@mozilla.org	WARN	Loading extension 'screenshots@mozilla.org': Reading manifest: Invalid extension permission: resource://pdf.js/
1591089497159	addons.webextension.screenshots@mozilla.org	WARN	Loading extension 'screenshots@mozilla.org': Reading manifest: Invalid extension permission: about:reader*
[fresh] [error] probe_ppp_module, can't find libpepflashplayer.so
[fresh] [error] probe_ppp_module, can't find libpepflashplayer.so
[fresh] [error] probe_ppp_module, can't find libpepflashplayer.so
[fresh] [error] probe_ppp_module, can't find libpepflashplayer.so
[fresh] [error] probe_ppp_module, can't find libpepflashplayer.so
[fresh] [error] probe_ppp_module, can't find libpepflashplayer.so
1591089500558	Marionette	INFO	Listening on port 41973
1591089500590	Marionette	WARN	TLS certificate errors will be ignored for this session
JavaScript error: https://static.xx.fbcdn.net/rsrc.php/v3/yM/r/xulFxccy2vd.js?_nc_x=Ij3Wp8lg5Kz, line 8: SecurityError: Permission denied to access property "pathname" on cross-origin object
1591089529257	mozrunner::runner	INFO	Running command: "/usr/bin/firefox" "-marionette" "-foreground" "-no-remote" "-profile" "/tmp/rust_mozprofilenO37l5"
1591089530443	addons.webextension.doh-rollout@mozilla.org	WARN	Loading extension 'doh-rollout@mozilla.org': Reading manifest: Invalid extension permission: networkStatus
1591089533448	addons.webextension.screenshots@mozilla.org	WARN	Loading extension 'screenshots@mozilla.org': Reading manifest: Invalid extension permission: mozillaAddons
1591089533449	addons.webextension.screenshots@mozilla.org	WARN	Loading extension 'screenshots@mozilla.org': Reading manifest: Invalid extension permission: telemetry
1591089533449	addons.webextension.screenshots@mozilla.org	WARN	Loading extension 'screenshots@mozilla.org': Reading manifest: Invalid extension permission: resource://pdf.js/
1591089533449	addons.webextension.screenshots@mozilla.org	WARN	Loading extension 'screenshots@mozilla.org': Reading manifest: Invalid extension permission: about:reader*
1591089533804	Marionette	INFO	Stopped listening on port 41973
[fresh] [error] probe_ppp_module, can't find libpepflashplayer.so
[fresh] [error] probe_ppp_module, can't find libpepflashplayer.so
[fresh] [error] probe_ppp_module, can't find libpepflashplayer.so
[fresh] [error] probe_ppp_module, can't find libpepflashplayer.so
[fresh] [error] probe_ppp_module, can't find libpepflashplayer.so
[fresh] [error] probe_ppp_module, can't find libpepflashplayer.so
1591089537140	Marionette	INFO	Listening on port 39439
1591089537180	Marionette	WARN	TLS certificate errors will be ignored for this session
1591089579508	Marionette	INFO	Stopped listening on port 39439
