1591090368248	mozrunner::runner	INFO	Running command: "/usr/bin/firefox" "-marionette" "-foreground" "-no-remote" "-profile" "/tmp/rust_mozprofilexfCtOO"
1591090369094	addons.webextension.doh-rollout@mozilla.org	WARN	Loading extension 'doh-rollout@mozilla.org': Reading manifest: Invalid extension permission: networkStatus
1591090371131	addons.webextension.screenshots@mozilla.org	WARN	Loading extension 'screenshots@mozilla.org': Reading manifest: Invalid extension permission: mozillaAddons
1591090371131	addons.webextension.screenshots@mozilla.org	WARN	Loading extension 'screenshots@mozilla.org': Reading manifest: Invalid extension permission: telemetry
1591090371132	addons.webextension.screenshots@mozilla.org	WARN	Loading extension 'screenshots@mozilla.org': Reading manifest: Invalid extension permission: resource://pdf.js/
1591090371132	addons.webextension.screenshots@mozilla.org	WARN	Loading extension 'screenshots@mozilla.org': Reading manifest: Invalid extension permission: about:reader*
[fresh] [error] probe_ppp_module, can't find libpepflashplayer.so
[fresh] [error] probe_ppp_module, can't find libpepflashplayer.so
[fresh] [error] probe_ppp_module, can't find libpepflashplayer.so
[fresh] [error] probe_ppp_module, can't find libpepflashplayer.so
[fresh] [error] probe_ppp_module, can't find libpepflashplayer.so
[fresh] [error] probe_ppp_module, can't find libpepflashplayer.so
1591090374655	Marionette	INFO	Listening on port 39263
1591090374686	Marionette	WARN	TLS certificate errors will be ignored for this session
JavaScript error: , line 0: UnknownError: The operation failed for reasons unrelated to the database itself and not covered by any other error code.
1591090757581	Marionette	INFO	Stopped listening on port 39263
1591090761841	mozrunner::runner	INFO	Running command: "/usr/bin/firefox" "-marionette" "-foreground" "-no-remote" "-profile" "/tmp/rust_mozprofile4wiIjH"
1591090762696	addons.webextension.doh-rollout@mozilla.org	WARN	Loading extension 'doh-rollout@mozilla.org': Reading manifest: Invalid extension permission: networkStatus
1591090764751	addons.webextension.screenshots@mozilla.org	WARN	Loading extension 'screenshots@mozilla.org': Reading manifest: Invalid extension permission: mozillaAddons
1591090764751	addons.webextension.screenshots@mozilla.org	WARN	Loading extension 'screenshots@mozilla.org': Reading manifest: Invalid extension permission: telemetry
1591090764751	addons.webextension.screenshots@mozilla.org	WARN	Loading extension 'screenshots@mozilla.org': Reading manifest: Invalid extension permission: resource://pdf.js/
1591090764751	addons.webextension.screenshots@mozilla.org	WARN	Loading extension 'screenshots@mozilla.org': Reading manifest: Invalid extension permission: about:reader*
[fresh] [error] probe_ppp_module, can't find libpepflashplayer.so
[fresh] [error] probe_ppp_module, can't find libpepflashplayer.so
[fresh] [error] probe_ppp_module, can't find libpepflashplayer.so
[fresh] [error] probe_ppp_module, can't find libpepflashplayer.so
[fresh] [error] probe_ppp_module, can't find libpepflashplayer.so
[fresh] [error] probe_ppp_module, can't find libpepflashplayer.so
1591090768318	Marionette	INFO	Listening on port 37355
1591090768365	Marionette	WARN	TLS certificate errors will be ignored for this session
console.warn: LoginRecipes: "getRecipes: falling back to a synchronous message for:" "http://35.225.243.133"
console.warn: LoginRecipes: "getRecipes: falling back to a synchronous message for:" "http://35.225.243.133"
1591091128027	mozrunner::runner	INFO	Running command: "/usr/bin/firefox" "-marionette" "-foreground" "-no-remote" "-profile" "/tmp/rust_mozprofile87grQi"
1591091128977	addons.webextension.doh-rollout@mozilla.org	WARN	Loading extension 'doh-rollout@mozilla.org': Reading manifest: Invalid extension permission: networkStatus
1591091131186	addons.webextension.screenshots@mozilla.org	WARN	Loading extension 'screenshots@mozilla.org': Reading manifest: Invalid extension permission: mozillaAddons
1591091131187	addons.webextension.screenshots@mozilla.org	WARN	Loading extension 'screenshots@mozilla.org': Reading manifest: Invalid extension permission: telemetry
1591091131187	addons.webextension.screenshots@mozilla.org	WARN	Loading extension 'screenshots@mozilla.org': Reading manifest: Invalid extension permission: resource://pdf.js/
1591091131187	addons.webextension.screenshots@mozilla.org	WARN	Loading extension 'screenshots@mozilla.org': Reading manifest: Invalid extension permission: about:reader*
[fresh] [error] probe_ppp_module, can't find libpepflashplayer.so
[fresh] [error] probe_ppp_module, can't find libpepflashplayer.so
[fresh] [error] probe_ppp_module, can't find libpepflashplayer.so
[fresh] [error] probe_ppp_module, can't find libpepflashplayer.so
[fresh] [error] probe_ppp_module, can't find libpepflashplayer.so
[fresh] [error] probe_ppp_module, can't find libpepflashplayer.so
1591091134708	Marionette	INFO	Listening on port 45181
1591091134754	Marionette	WARN	TLS certificate errors will be ignored for this session
JavaScript error: , line 0: UnknownError: The operation failed for reasons unrelated to the database itself and not covered by any other error code.
1591091332062	Marionette	INFO	Stopped listening on port 37355
JavaScript error: , line 0: UnknownError: The operation failed for reasons unrelated to the database itself and not covered by any other error code.
1591091345410	Marionette	INFO	Stopped listening on port 45181
1591091532111	mozrunner::runner	INFO	Running command: "/usr/bin/firefox" "-marionette" "-foreground" "-no-remote" "-profile" "/tmp/rust_mozprofile0DdzRA"
1591091533026	addons.webextension.doh-rollout@mozilla.org	WARN	Loading extension 'doh-rollout@mozilla.org': Reading manifest: Invalid extension permission: networkStatus
1591091535079	addons.webextension.screenshots@mozilla.org	WARN	Loading extension 'screenshots@mozilla.org': Reading manifest: Invalid extension permission: mozillaAddons
1591091535079	addons.webextension.screenshots@mozilla.org	WARN	Loading extension 'screenshots@mozilla.org': Reading manifest: Invalid extension permission: telemetry
1591091535080	addons.webextension.screenshots@mozilla.org	WARN	Loading extension 'screenshots@mozilla.org': Reading manifest: Invalid extension permission: resource://pdf.js/
1591091535080	addons.webextension.screenshots@mozilla.org	WARN	Loading extension 'screenshots@mozilla.org': Reading manifest: Invalid extension permission: about:reader*
[fresh] [error] probe_ppp_module, can't find libpepflashplayer.so
[fresh] [error] probe_ppp_module, can't find libpepflashplayer.so
[fresh] [error] probe_ppp_module, can't find libpepflashplayer.so
[fresh] [error] probe_ppp_module, can't find libpepflashplayer.so
[fresh] [error] probe_ppp_module, can't find libpepflashplayer.so
[fresh] [error] probe_ppp_module, can't find libpepflashplayer.so
1591091538777	Marionette	INFO	Listening on port 45951
1591091538838	Marionette	WARN	TLS certificate errors will be ignored for this session
JavaScript error: , line 0: UnknownError: The operation failed for reasons unrelated to the database itself and not covered by any other error code.
1591091882576	Marionette	INFO	Stopped listening on port 45951
1591091885103	mozrunner::runner	INFO	Running command: "/usr/bin/firefox" "-marionette" "-foreground" "-no-remote" "-profile" "/tmp/rust_mozprofilezTFud5"
1591091886066	addons.webextension.doh-rollout@mozilla.org	WARN	Loading extension 'doh-rollout@mozilla.org': Reading manifest: Invalid extension permission: networkStatus
1591091888202	addons.webextension.screenshots@mozilla.org	WARN	Loading extension 'screenshots@mozilla.org': Reading manifest: Invalid extension permission: mozillaAddons
1591091888202	addons.webextension.screenshots@mozilla.org	WARN	Loading extension 'screenshots@mozilla.org': Reading manifest: Invalid extension permission: telemetry
1591091888202	addons.webextension.screenshots@mozilla.org	WARN	Loading extension 'screenshots@mozilla.org': Reading manifest: Invalid extension permission: resource://pdf.js/
1591091888202	addons.webextension.screenshots@mozilla.org	WARN	Loading extension 'screenshots@mozilla.org': Reading manifest: Invalid extension permission: about:reader*
[fresh] [error] probe_ppp_module, can't find libpepflashplayer.so
[fresh] [error] probe_ppp_module, can't find libpepflashplayer.so
[fresh] [error] probe_ppp_module, can't find libpepflashplayer.so
[fresh] [error] probe_ppp_module, can't find libpepflashplayer.so
[fresh] [error] probe_ppp_module, can't find libpepflashplayer.so
[fresh] [error] probe_ppp_module, can't find libpepflashplayer.so
1591091891871	Marionette	INFO	Listening on port 34233
1591091891928	Marionette	WARN	TLS certificate errors will be ignored for this session
1591091917553	Marionette	INFO	Stopped listening on port 34233
1591091946639	mozrunner::runner	INFO	Running command: "/usr/bin/firefox" "-marionette" "-foreground" "-no-remote" "-profile" "/tmp/rust_mozprofile5mT6b4"
1591091947706	addons.webextension.doh-rollout@mozilla.org	WARN	Loading extension 'doh-rollout@mozilla.org': Reading manifest: Invalid extension permission: networkStatus
1591091950114	addons.webextension.screenshots@mozilla.org	WARN	Loading extension 'screenshots@mozilla.org': Reading manifest: Invalid extension permission: mozillaAddons
1591091950114	addons.webextension.screenshots@mozilla.org	WARN	Loading extension 'screenshots@mozilla.org': Reading manifest: Invalid extension permission: telemetry
1591091950114	addons.webextension.screenshots@mozilla.org	WARN	Loading extension 'screenshots@mozilla.org': Reading manifest: Invalid extension permission: resource://pdf.js/
1591091950114	addons.webextension.screenshots@mozilla.org	WARN	Loading extension 'screenshots@mozilla.org': Reading manifest: Invalid extension permission: about:reader*
[fresh] [error] probe_ppp_module, can't find libpepflashplayer.so
[fresh] [error] probe_ppp_module, can't find libpepflashplayer.so
[fresh] [error] probe_ppp_module, can't find libpepflashplayer.so
[fresh] [error] probe_ppp_module, can't find libpepflashplayer.so
[fresh] [error] probe_ppp_module, can't find libpepflashplayer.so
[fresh] [error] probe_ppp_module, can't find libpepflashplayer.so
1591091953576	Marionette	INFO	Listening on port 33733
1591091953683	Marionette	WARN	TLS certificate errors will be ignored for this session
1591091979975	Marionette	INFO	Stopped listening on port 33733
